<?xml version="1.0" encoding="UTF-8"?>
<testng-results skipped="0" failed="0" ignored="0" total="1" passed="1">
  <reporter-output>
  </reporter-output>
  <suite name="Default suite" duration-ms="41417" started-at="2020-06-01T22:36:58Z" finished-at="2020-06-01T22:37:40Z">
    <groups>
    </groups>
    <test name="Default test" duration-ms="41417" started-at="2020-06-01T22:36:58Z" finished-at="2020-06-01T22:37:40Z">
      <class name="webTables.PageScrolling">
        <test-method status="PASS" signature="scroll()[pri:0, instance:webTables.PageScrolling@4de8b406]" name="scroll" duration-ms="41375" started-at="2020-06-02T04:06:58Z" finished-at="2020-06-02T04:07:40Z">
          <reporter-output>
          </reporter-output>
        </test-method> <!-- scroll -->
      </class> <!-- webTables.PageScrolling -->
    </test> <!-- Default test -->
  </suite> <!-- Default suite -->
</testng-results>
